<?xml version="1.0" encoding="UTF-8"?>
<testng-results total="1" passed="1" failed="0" skipped="0">
  <reporter-output>
  </reporter-output>
  <suite started-at="2023-05-30T05:18:44Z" name="Suite" finished-at="2023-05-30T05:19:18Z" duration-ms="33983">
    <groups>
    </groups>
    <test started-at="2023-05-30T05:18:44Z" name="Test" finished-at="2023-05-30T05:19:18Z" duration-ms="33983">
      <class name="com.qa.testng.NewTest">
        <test-method is-config="true" signature="beforeClass()[pri:0, instance:com.qa.testng.NewTest@671a5887]" started-at="2023-05-30T10:48:44Z" name="beforeClass" finished-at="2023-05-30T10:48:55Z" duration-ms="11110" status="PASS">
          <reporter-output>
          </reporter-output>
        </test-method> <!-- beforeClass -->
        <test-method signature="openMyBlog()[pri:0, instance:com.qa.testng.NewTest@671a5887]" started-at="2023-05-30T10:48:55Z" name="openMyBlog" finished-at="2023-05-30T10:49:17Z" duration-ms="21788" status="PASS">
          <reporter-output>
          </reporter-output>
        </test-method> <!-- openMyBlog -->
        <test-method is-config="true" signature="afterClass()[pri:0, instance:com.qa.testng.NewTest@671a5887]" started-at="2023-05-30T10:49:17Z" name="afterClass" finished-at="2023-05-30T10:49:18Z" duration-ms="1070" status="PASS">
          <reporter-output>
          </reporter-output>
        </test-method> <!-- afterClass -->
      </class> <!-- com.qa.testng.NewTest -->
    </test> <!-- Test -->
  </suite> <!-- Suite -->
</testng-results>
